<?xml version="1.0" encoding="UTF-8"?>
<!-- Generated by org.testng.reporters.JUnitReportReporter -->
<testsuite hostname="VINU" failures="0" tests="1" name="com.inetbank.testCases.TC004_EditCustomer" time="10.591" errors="0" timestamp="2021-07-03T00:25:52 AEST" skipped="0">
  <testcase classname="com.inetbank.testCases.TC004_EditCustomer" name="editCustomer" time="10.591"/>
  <system-out/>
</testsuite> <!-- com.inetbank.testCases.TC004_EditCustomer -->
