<?xml version="1.0" encoding="UTF-8"?>
<!-- Generated by org.testng.reporters.JUnitReportReporter -->
<testsuite hostname="VINU" failures="0" tests="1" name="com.inetbank.testCases.TC_NewCustomer_001" time="7.949" errors="0" timestamp="2021-07-03T00:25:52 AEST" skipped="0">
  <testcase classname="com.inetbank.testCases.TC_NewCustomer_001" name="addNewCustomer" time="7.949"/>
  <system-out/>
</testsuite> <!-- com.inetbank.testCases.TC_NewCustomer_001 -->
