<?xml version="1.0" encoding="UTF-8"?>
<!-- Generated by org.testng.reporters.JUnitReportReporter -->
<testsuite hostname="VINU" failures="0" tests="1" name="com.inetbank.testCases.TC_NewCustomer_001" time="9.276" errors="0" timestamp="2021-07-02T17:29:01 AEST" skipped="0">
  <testcase classname="com.inetbank.testCases.TC_NewCustomer_001" name="addNewCustomer" time="9.276"/>
  <system-out/>
</testsuite> <!-- com.inetbank.testCases.TC_NewCustomer_001 -->
