<?xml version="1.0" encoding="UTF-8"?>
<!-- Generated by org.testng.reporters.JUnitReportReporter -->
<testsuite hostname="VINU" failures="0" tests="1" name="com.inetbank.testCases.TC_LoginTest_001" time="1.183" errors="0" timestamp="2021-07-02T17:29:01 AEST" skipped="0">
  <testcase classname="com.inetbank.testCases.TC_LoginTest_001" name="loginTest" time="1.183"/>
  <system-out/>
</testsuite> <!-- com.inetbank.testCases.TC_LoginTest_001 -->
