<?xml version="1.0" encoding="UTF-8"?>
<!-- Generated by org.testng.reporters.JUnitReportReporter -->
<testsuite skipped="0" hostname="VINU" name="com.inetbank.testCases.TC_NewCustomer_001" tests="1" failures="0" timestamp="2021-07-02T21:50:22 AEST" time="7.833" errors="0">
  <testcase name="addNewCustomer" time="7.833" classname="com.inetbank.testCases.TC_NewCustomer_001"/>
  <system-out/>
</testsuite> <!-- com.inetbank.testCases.TC_NewCustomer_001 -->
